<?xml version="1.0" encoding="UTF-8"?>
<!-- Generated by org.testng.reporters.JUnitReportReporter -->
<testsuite hostname="supreethballe" failures="0" tests="1" name="com.crm.comcast.products.TestNG" time="59.799" errors="0" timestamp="2021-06-07T07:51:07 IST" skipped="0">
  <testcase classname="com.crm.comcast.products.TestNG" name="product" time="59.799"/>
  <system-out/>
</testsuite> <!-- com.crm.comcast.products.TestNG -->
