<?xml version="1.0" encoding="UTF-8"?>
<!-- Generated by org.testng.reporters.JUnitReportReporter -->
<testsuite hostname="supreethballe" failures="0" tests="1" name="com.crm.comcast.products.TestNg1" time="23.864" errors="0" timestamp="2021-06-07T07:51:07 IST" skipped="0">
  <testcase classname="com.crm.comcast.products.TestNg1" name="product" time="23.864"/>
  <system-out/>
</testsuite> <!-- com.crm.comcast.products.TestNg1 -->
