<?xml version="1.0" encoding="UTF-8"?>
<!-- Generated by org.testng.reporters.JUnitReportReporter -->
<testsuite hostname="supreethballe" failures="0" tests="2" name="practice.TestNg1" time="70.543" errors="0" timestamp="2021-05-30T21:19:05 IST" skipped="0">
  <testcase classname="practice.TestNg1" name="product" time="35.578"/>
  <system-out/>
  <testcase classname="practice.TestNg1" name="product" time="34.965"/>
  <system-out/>
</testsuite> <!-- practice.TestNg1 -->
