<?xml version="1.0" encoding="UTF-8"?>
<!-- Generated by org.testng.reporters.JUnitReportReporter -->
<testsuite hostname="supreethballe" failures="0" tests="1" name="com.crm.comcast.products.TestNG2" time="30.564" errors="0" timestamp="2021-06-03T09:19:49 IST" skipped="0">
  <testcase classname="com.crm.comcast.products.TestNG2" name="product" time="30.564"/>
  <system-out/>
</testsuite> <!-- com.crm.comcast.products.TestNG2 -->
