<?xml version="1.0" encoding="UTF-8"?>
<!-- Generated by org.testng.reporters.JUnitReportReporter -->
<testsuite hostname="supreethballe" failures="0" tests="1" name="com.crm.comcast.products.TestNG3" time="31.095" errors="0" timestamp="2021-06-03T09:32:11 IST" skipped="0">
  <testcase classname="com.crm.comcast.products.TestNG3" name="product" time="31.095"/>
  <system-out/>
</testsuite> <!-- com.crm.comcast.products.TestNG3 -->
