<?xml version="1.0" encoding="UTF-8"?>
<!-- Generated by org.testng.reporters.JUnitReportReporter -->
<testsuite hostname="supreethballe" failures="0" tests="4" name="practice.TestNG" time="143.495" errors="0" timestamp="2021-05-30T20:33:36 IST" skipped="0">
  <testcase classname="practice.TestNG" name="product" time="33.708"/>
  <system-out/>
  <testcase classname="practice.TestNG" name="product" time="36.268"/>
  <system-out/>
  <testcase classname="practice.TestNG" name="product2" time="36.689"/>
  <system-out/>
  <testcase classname="practice.TestNG" name="product2" time="36.830"/>
  <system-out/>
</testsuite> <!-- practice.TestNG -->
